<?xml version="1.0" encoding="utf-8"?><testsuites name="pytest tests"><testsuite name="pytest" errors="0" failures="0" skipped="22" tests="86" time="20.904" timestamp="2026-06-19T20:54:06.356185+03:00" hostname="MacMusax.local"><testcase classname="tests.unit.test_drift_detector.TestPSIContinuous" name="test_stable_data_psi_near_zero" time="5.429" /><testcase classname="tests.unit.test_drift_detector.TestPSIContinuous" name="test_drifted_income_psi_significant" time="0.018" /><testcase classname="tests.unit.test_drift_detector.TestPSIContinuous" name="test_drifted_dti_psi_significant" time="0.002" /><testcase classname="tests.unit.test_drift_detector.TestPSIContinuous" name="test_stable_features_do_not_drift" time="0.003" /><testcase classname="tests.unit.test_drift_detector.TestPSIContinuous" name="test_psi_non_negative" time="0.001" /><testcase classname="tests.unit.test_drift_detector.TestPSIDiscrete" name="test_stable_missed_payments_near_zero" time="0.001" /><testcase classname="tests.unit.test_drift_detector.TestPSIDiscrete" name="test_drifted_missed_payments_significant" time="0.003" /><testcase classname="tests.unit.test_drift_detector.TestPSIDiscrete" name="test_stable_num_credit_lines_near_zero" time="0.002" /><testcase classname="tests.unit.test_drift_detector.TestPSIDiscrete" name="test_discrete_psi_non_negative" time="0.003" /><testcase classname="tests.unit.test_drift_detector.TestPSIDiscrete" name="test_unseen_value_handled_gracefully" time="0.001" /><testcase classname="tests.unit.test_drift_detector.TestKSBaseline" name="test_continuous_baseline_sample_length" time="0.002" /><testcase classname="tests.unit.test_drift_detector.TestKSBaseline" name="test_continuous_baseline_in_range" time="0.002" /><testcase classname="tests.unit.test_drift_detector.TestKSBaseline" name="test_discrete_baseline_sample_values" time="0.011" /><testcase classname="tests.unit.test_drift_detector.TestKSBaseline" name="test_discrete_baseline_proportions_match_freq_table" time="0.008" /><testcase classname="tests.unit.test_drift_detector.TestDriftCheck" name="test_report_has_correct_structure" time="0.181" /><testcase classname="tests.unit.test_drift_detector.TestDriftCheck" name="test_stable_data_no_overall_drift" time="0.023" /><testcase classname="tests.unit.test_drift_detector.TestDriftCheck" name="test_drifted_data_triggers_drift" time="0.039" /><testcase classname="tests.unit.test_drift_detector.TestDriftCheck" name="test_drifted_features_are_correct" time="0.033" /><testcase classname="tests.unit.test_drift_detector.TestDriftCheck" name="test_stable_features_not_in_drifted_list" time="0.054" /><testcase classname="tests.unit.test_drift_detector.TestDriftCheck" name="test_feature_results_severity_classification" time="0.213" /><testcase classname="tests.unit.test_drift_detector.TestDriftCheck" name="test_window_too_small_returns_error_report" time="0.010" /><testcase classname="tests.unit.test_drift_detector.TestDriftCheck" name="test_report_window_size_matches_input" time="0.043" /><testcase classname="tests.unit.test_drift_detector.TestDriftCheck" name="test_all_psi_values_non_negative" time="0.044" /><testcase classname="tests.unit.test_drift_detector.TestDriftCheck" name="test_ks_pvalues_in_unit_interval" time="0.026" /><testcase classname="tests.unit.test_drift_detector.TestBatchReport" name="test_batch_report_on_drifted_csv" time="0.082" /><testcase classname="tests.unit.test_drift_detector.TestBatchReport" name="test_batch_report_on_baseline_csv" time="0.217" /><testcase classname="tests.unit.test_drift_detector.TestBatchReport" name="test_batch_report_raises_on_missing_columns" time="0.020" /><testcase classname="tests.unit.test_drift_detector.TestBatchReport" name="test_batch_report_window_sampling" time="0.052" /><testcase classname="tests.unit.test_drift_detector.TestConfidenceMetrics" name="test_returns_correct_tuple" time="0.002" /><testcase classname="tests.unit.test_drift_detector.TestConfidenceMetrics" name="test_empty_input_returns_zeros" time="0.001" /><testcase classname="tests.unit.test_drift_detector.TestConfidenceMetrics" name="test_all_defaults" time="0.004" /><testcase classname="tests.unit.test_drift_detector.TestConfidenceMetrics" name="test_no_defaults" time="0.003" /><testcase classname="tests.unit.test_predict.TestValidation" name="test_valid_input_returns_dataframe" time="0.013" /><testcase classname="tests.unit.test_predict.TestValidation" name="test_missing_single_feature_raises" time="0.012" /><testcase classname="tests.unit.test_predict.TestValidation" name="test_missing_multiple_features_raises" time="0.001" /><testcase classname="tests.unit.test_predict.TestValidation" name="test_non_numeric_feature_raises" time="0.014" /><testcase classname="tests.unit.test_predict.TestValidation" name="test_extra_keys_are_ignored" time="0.013" /><testcase classname="tests.unit.test_predict.TestValidation" name="test_integer_values_accepted" time="0.019" /><testcase classname="tests.unit.test_predict.TestValidation" name="test_empty_batch_raises" time="0.001" /><testcase classname="tests.unit.test_predict.TestValidation" name="test_batch_with_bad_record_raises" time="0.013" /><testcase classname="tests.unit.test_predict.TestSinglePrediction" name="test_predict_returns_result" time="0.001"><skipped type="pytest.skip" message="MLflow server unreachable or no trained model in registry">/Users/thomasasamba/Downloads/aws-tutorial/projects/02-observability-ml-alerting/tests/unit/test_predict.py:181: MLflow server unreachable or no trained model in registry</skipped></testcase><testcase classname="tests.unit.test_predict.TestSinglePrediction" name="test_probability_in_unit_interval" time="0.001"><skipped type="pytest.skip" message="MLflow server unreachable or no trained model in registry">/Users/thomasasamba/Downloads/aws-tutorial/projects/02-observability-ml-alerting/tests/unit/test_predict.py:186: MLflow server unreachable or no trained model in registry</skipped></testcase><testcase classname="tests.unit.test_predict.TestSinglePrediction" name="test_decision_is_binary" time="0.000"><skipped type="pytest.skip" message="MLflow server unreachable or no trained model in registry">/Users/thomasasamba/Downloads/aws-tutorial/projects/02-observability-ml-alerting/tests/unit/test_predict.py:193: MLflow server unreachable or no trained model in registry</skipped></testcase><testcase classname="tests.unit.test_predict.TestSinglePrediction" name="test_low_risk_predicts_no_default" time="0.001"><skipped type="pytest.skip" message="MLflow server unreachable or no trained model in registry">/Users/thomasasamba/Downloads/aws-tutorial/projects/02-observability-ml-alerting/tests/unit/test_predict.py:200: MLflow server unreachable or no trained model in registry</skipped></testcase><testcase classname="tests.unit.test_predict.TestSinglePrediction" name="test_high_risk_predicts_default" time="0.001"><skipped type="pytest.skip" message="MLflow server unreachable or no trained model in registry">/Users/thomasasamba/Downloads/aws-tutorial/projects/02-observability-ml-alerting/tests/unit/test_predict.py:206: MLflow server unreachable or no trained model in registry</skipped></testcase><testcase classname="tests.unit.test_predict.TestSinglePrediction" name="test_low_risk_lower_probability_than_high_risk" time="0.000"><skipped type="pytest.skip" message="MLflow server unreachable or no trained model in registry">/Users/thomasasamba/Downloads/aws-tutorial/projects/02-observability-ml-alerting/tests/unit/test_predict.py:212: MLflow server unreachable or no trained model in registry</skipped></testcase><testcase classname="tests.unit.test_predict.TestSinglePrediction" name="test_decision_consistent_with_threshold" time="0.001"><skipped type="pytest.skip" message="MLflow server unreachable or no trained model in registry">/Users/thomasasamba/Downloads/aws-tutorial/projects/02-observability-ml-alerting/tests/unit/test_predict.py:219: MLflow server unreachable or no trained model in registry</skipped></testcase><testcase classname="tests.unit.test_predict.TestSinglePrediction" name="test_low_confidence_flag_when_probability_in_band" time="0.001"><skipped type="pytest.skip" message="MLflow server unreachable or no trained model in registry">/Users/thomasasamba/Downloads/aws-tutorial/projects/02-observability-ml-alerting/tests/unit/test_predict.py:229: MLflow server unreachable or no trained model in registry</skipped></testcase><testcase classname="tests.unit.test_predict.TestSinglePrediction" name="test_model_version_is_string" time="0.001"><skipped type="pytest.skip" message="MLflow server unreachable or no trained model in registry">/Users/thomasasamba/Downloads/aws-tutorial/projects/02-observability-ml-alerting/tests/unit/test_predict.py:238: MLflow server unreachable or no trained model in registry</skipped></testcase><testcase classname="tests.unit.test_predict.TestSinglePrediction" name="test_latency_is_positive" time="0.001"><skipped type="pytest.skip" message="MLflow server unreachable or no trained model in registry">/Users/thomasasamba/Downloads/aws-tutorial/projects/02-observability-ml-alerting/tests/unit/test_predict.py:244: MLflow server unreachable or no trained model in registry</skipped></testcase><testcase classname="tests.unit.test_predict.TestSinglePrediction" name="test_features_used_matches_columns" time="0.002"><skipped type="pytest.skip" message="MLflow server unreachable or no trained model in registry">/Users/thomasasamba/Downloads/aws-tutorial/projects/02-observability-ml-alerting/tests/unit/test_predict.py:249: MLflow server unreachable or no trained model in registry</skipped></testcase><testcase classname="tests.unit.test_predict.TestBatchPrediction" name="test_batch_returns_correct_count" time="0.001"><skipped type="pytest.skip" message="MLflow server unreachable or no trained model in registry">/Users/thomasasamba/Downloads/aws-tutorial/projects/02-observability-ml-alerting/tests/unit/test_predict.py:262: MLflow server unreachable or no trained model in registry</skipped></testcase><testcase classname="tests.unit.test_predict.TestBatchPrediction" name="test_batch_preserves_order" time="0.001"><skipped type="pytest.skip" message="MLflow server unreachable or no trained model in registry">/Users/thomasasamba/Downloads/aws-tutorial/projects/02-observability-ml-alerting/tests/unit/test_predict.py:268: MLflow server unreachable or no trained model in registry</skipped></testcase><testcase classname="tests.unit.test_predict.TestBatchPrediction" name="test_batch_of_one" time="0.001"><skipped type="pytest.skip" message="MLflow server unreachable or no trained model in registry">/Users/thomasasamba/Downloads/aws-tutorial/projects/02-observability-ml-alerting/tests/unit/test_predict.py:278: MLflow server unreachable or no trained model in registry</skipped></testcase><testcase classname="tests.unit.test_predict.TestBatchPrediction" name="test_batch_large" time="0.001"><skipped type="pytest.skip" message="MLflow server unreachable or no trained model in registry">/Users/thomasasamba/Downloads/aws-tutorial/projects/02-observability-ml-alerting/tests/unit/test_predict.py:283: MLflow server unreachable or no trained model in registry</skipped></testcase><testcase classname="tests.unit.test_predict.TestBatchPrediction" name="test_batch_all_probabilities_valid" time="0.001"><skipped type="pytest.skip" message="MLflow server unreachable or no trained model in registry">/Users/thomasasamba/Downloads/aws-tutorial/projects/02-observability-ml-alerting/tests/unit/test_predict.py:292: MLflow server unreachable or no trained model in registry</skipped></testcase><testcase classname="tests.unit.test_predict.TestPredictionBuffer" name="test_predictions_appear_in_buffer" time="0.001"><skipped type="pytest.skip" message="MLflow server unreachable or no trained model in registry">/Users/thomasasamba/Downloads/aws-tutorial/projects/02-observability-ml-alerting/tests/unit/test_predict.py:307: MLflow server unreachable or no trained model in registry</skipped></testcase><testcase classname="tests.unit.test_predict.TestPredictionBuffer" name="test_buffer_records_have_correct_fields" time="0.000"><skipped type="pytest.skip" message="MLflow server unreachable or no trained model in registry">/Users/thomasasamba/Downloads/aws-tutorial/projects/02-observability-ml-alerting/tests/unit/test_predict.py:315: MLflow server unreachable or no trained model in registry</skipped></testcase><testcase classname="tests.unit.test_predict.TestPredictionBuffer" name="test_get_recent_predictions_limit" time="0.001"><skipped type="pytest.skip" message="MLflow server unreachable or no trained model in registry">/Users/thomasasamba/Downloads/aws-tutorial/projects/02-observability-ml-alerting/tests/unit/test_predict.py:327: MLflow server unreachable or no trained model in registry</skipped></testcase><testcase classname="tests.unit.test_predict.TestPredictionBuffer" name="test_prediction_stats_structure" time="0.001"><skipped type="pytest.skip" message="MLflow server unreachable or no trained model in registry">/Users/thomasasamba/Downloads/aws-tutorial/projects/02-observability-ml-alerting/tests/unit/test_predict.py:333: MLflow server unreachable or no trained model in registry</skipped></testcase><testcase classname="tests.unit.test_predict.TestPredictionBuffer" name="test_prediction_stats_confidence_in_range" time="0.002"><skipped type="pytest.skip" message="MLflow server unreachable or no trained model in registry">/Users/thomasasamba/Downloads/aws-tutorial/projects/02-observability-ml-alerting/tests/unit/test_predict.py:346: MLflow server unreachable or no trained model in registry</skipped></testcase><testcase classname="tests.unit.test_predict.TestPredictionBuffer" name="test_buffer_thread_safety" time="0.002"><skipped type="pytest.skip" message="MLflow server unreachable or no trained model in registry">/Users/thomasasamba/Downloads/aws-tutorial/projects/02-observability-ml-alerting/tests/unit/test_predict.py:353: MLflow server unreachable or no trained model in registry</skipped></testcase><testcase classname="tests.unit.test_training.TestDataLoading" name="test_loads_correct_columns" time="0.043" /><testcase classname="tests.unit.test_training.TestDataLoading" name="test_loads_expected_row_count" time="0.008" /><testcase classname="tests.unit.test_training.TestDataLoading" name="test_default_rate_in_range" time="0.005" /><testcase classname="tests.unit.test_training.TestDataLoading" name="test_no_missing_values" time="0.013" /><testcase classname="tests.unit.test_training.TestDataLoading" name="test_feature_ranges" time="0.021" /><testcase classname="tests.unit.test_training.TestDataLoading" name="test_raises_on_missing_file" time="0.004" /><testcase classname="tests.unit.test_training.TestDataLoading" name="test_raises_on_missing_columns" time="0.013" /><testcase classname="tests.unit.test_training.TestFeatureSchema" name="test_schema_has_all_features" time="5.997" /><testcase classname="tests.unit.test_training.TestFeatureSchema" name="test_schema_has_required_keys" time="0.001" /><testcase classname="tests.unit.test_training.TestFeatureSchema" name="test_psi_bins_length" time="0.001" /><testcase classname="tests.unit.test_training.TestFeatureSchema" name="test_psi_bins_are_sorted" time="0.001" /><testcase classname="tests.unit.test_training.TestFeatureSchema" name="test_discrete_features_have_freq_table" time="0.005" /><testcase classname="tests.unit.test_training.TestFeatureSchema" name="test_freq_table_sums_to_one" time="0.002" /><testcase classname="tests.unit.test_training.TestFeatureSchema" name="test_schema_target_fields" time="0.001" /><testcase classname="tests.unit.test_training.TestFeatureSchema" name="test_schema_serialises_to_json" time="0.001" /><testcase classname="tests.unit.test_training.TestFeatureSchema" name="test_schema_saved_to_disk" time="0.004" /><testcase classname="tests.unit.test_training.TestModelQuality" name="test_pipeline_predicts_probabilities" time="0.037" /><testcase classname="tests.unit.test_training.TestModelQuality" name="test_probability_spread" time="0.049" /><testcase classname="tests.unit.test_training.TestModelQuality" name="test_roc_auc_above_threshold" time="0.033" /><testcase classname="tests.unit.test_training.TestModelQuality" name="test_predictions_not_all_same_class" time="0.030" /><testcase classname="tests.unit.test_training.TestModelQuality" name="test_feature_importances_sum_to_one" time="0.030" /><testcase classname="tests.unit.test_training.TestModelQuality" name="test_top_feature_is_expected" time="0.033" /><testcase classname="tests.unit.test_training.TestModelQuality" name="test_pipeline_has_scaler_and_clf" time="0.001" /><testcase classname="tests.unit.test_training.TestModelQuality" name="test_low_risk_scores_lower_than_high_risk" time="0.082" /></testsuite></testsuites>